<?xml version="1.0" encoding="UTF-8"?>
<!-- Generated by org.testng.reporters.JUnitReportReporter -->
<testsuite hostname="LAPTOP-V27Q7E30" failures="0" tests="1" name="prexo_Software.QA_Automation.PARABANK" time="27.170" errors="0" timestamp="2024-08-21T19:07:59 IST" skipped="0">
  <testcase classname="prexo_Software.QA_Automation.PARABANK" name="giri" time="27.170"/>
  <system-out/>
</testsuite> <!-- prexo_Software.QA_Automation.PARABANK -->
