<?xml version="1.0" encoding="UTF-8"?>
<!-- Generated by org.testng.reporters.JUnitReportReporter -->
<testsuite hostname="LAPTOP-V27Q7E30" failures="0" tests="1" name="prexo_Software.QA_Automation.HRM" time="9.590" errors="0" timestamp="2024-06-30T13:41:19 IST" skipped="0">
  <testcase classname="prexo_Software.QA_Automation.HRM" name="giri" time="9.590"/>
  <system-out/>
</testsuite> <!-- prexo_Software.QA_Automation.HRM -->
